<?xml version="1.0" encoding="UTF-8"?>
<!-- Generated by org.testng.reporters.JUnitXMLReporter -->
<testsuite hostname="ip-172-31-32-176" ignored="0" name="Default test" tests="4" failures="0" timestamp="2021-06-14T08:32:34 UTC" time="0.052" errors="0">
  <testcase name="testLoginInValid" time="0.009" classname="com.simplilearn.tdd.test.TestLogin"/>
  <testcase name="testLoginValid" time="0.001" classname="com.simplilearn.tdd.test.TestLogin"/>
  <testcase name="testTransferTime" time="0.001" classname="com.simplilearn.tdd.test.TestLogin"/>
  <testcase name="testTrasnferDate" time="0.001" classname="com.simplilearn.tdd.test.TestLogin"/>
</testsuite> <!-- Default test -->
