<?xml version="1.0" encoding="UTF-8"?>
<!-- Generated by org.testng.reporters.JUnitXMLReporter -->
<testsuite hostname="ip-172-31-32-176" ignored="2" name="Test" tests="2" failures="0" timestamp="2021-06-14T08:32:44 UTC" time="0.05" errors="0">
  <testcase name="testLoginInValid" time="0.006" classname="com.simplilearn.tdd.test.TestLogin"/>
  <testcase name="testLoginValid" time="0.001" classname="com.simplilearn.tdd.test.TestLogin"/>
  <testcase name="testTransferTime" time="0.0" classname="com.simplilearn.tdd.test.TestLogin">
    <ignored/>
  </testcase> <!-- testTransferTime -->
  <testcase name="testTrasnferDate" time="0.0" classname="com.simplilearn.tdd.test.TestLogin">
    <ignored/>
  </testcase> <!-- testTrasnferDate -->
</testsuite> <!-- Test -->
